\BOOKMARK [0][-]{dummy.2}{\376\377\000E\000v\000a\000l\000u\000a\000t\000i\000o\000n\000\040\000S\000h\000e\000e\000t}{}% 1
\BOOKMARK [0][-]{dummy.3}{\376\377\000C\000e\000r\000t\000i\000f\000i\000c\000a\000t\000e}{}% 2
\BOOKMARK [0][-]{dummy.4}{\376\377\000A\000b\000s\000t\000r\000a\000c\000t}{}% 3
\BOOKMARK [0][-]{dummy.5}{\376\377\000A\000c\000k\000n\000o\000w\000l\000e\000d\000g\000e\000m\000e\000n\000t\000s}{}% 4
\BOOKMARK [0][-]{dummy.6}{\376\377\000C\000o\000n\000t\000e\000n\000t\000s}{}% 5
\BOOKMARK [0][-]{dummy.8}{\376\377\000L\000i\000s\000t\000\040\000o\000f\000\040\000F\000i\000g\000u\000r\000e\000s}{}% 6
\BOOKMARK [0][-]{dummy.10}{\376\377\000L\000i\000s\000t\000\040\000o\000f\000\040\000T\000a\000b\000l\000e\000s}{}% 7
\BOOKMARK [0][-]{dummy.12}{\376\377\000A\000b\000b\000r\000e\000v\000i\000a\000t\000i\000o\000n\000s}{}% 8
\BOOKMARK [0][-]{dummy.15}{\376\377\000S\000y\000m\000b\000o\000l\000s}{}% 9
\BOOKMARK [0][-]{chapter.18}{\376\377\0001\000\040\000I\000n\000t\000r\000o\000d\000u\000c\000t\000i\000o\000n}{}% 10
\BOOKMARK [1][-]{section.19}{\376\377\0001\000.\0001\000\040\000M\000a\000i\000n\000\040\000S\000e\000c\000t\000i\000o\000n\000\040\0001}{chapter.18}% 11
\BOOKMARK [2][-]{subsection.20}{\376\377\0001\000.\0001\000.\0001\000\040\000S\000u\000b\000s\000e\000c\000t\000i\000o\000n\000\040\0001}{section.19}% 12
\BOOKMARK [2][-]{subsection.21}{\376\377\0001\000.\0001\000.\0002\000\040\000S\000u\000b\000s\000e\000c\000t\000i\000o\000n\000\040\0002}{section.19}% 13
\BOOKMARK [1][-]{section.22}{\376\377\0001\000.\0002\000\040\000M\000a\000i\000n\000\040\000S\000e\000c\000t\000i\000o\000n\000\040\0002}{chapter.18}% 14
\BOOKMARK [0][-]{chapter.23}{\376\377\0002\000\040\000C\000h\000a\000p\000t\000e\000r\000\040\000T\000i\000t\000l\000e\000\040\000H\000e\000r\000e}{}% 15
\BOOKMARK [1][-]{section.24}{\376\377\0002\000.\0001\000\040\000M\000a\000i\000n\000\040\000S\000e\000c\000t\000i\000o\000n\000\040\0001}{chapter.23}% 16
\BOOKMARK [2][-]{subsection.25}{\376\377\0002\000.\0001\000.\0001\000\040\000S\000u\000b\000s\000e\000c\000t\000i\000o\000n\000\040\0001}{section.24}% 17
\BOOKMARK [2][-]{subsection.26}{\376\377\0002\000.\0001\000.\0002\000\040\000S\000u\000b\000s\000e\000c\000t\000i\000o\000n\000\040\0002}{section.24}% 18
\BOOKMARK [1][-]{section.27}{\376\377\0002\000.\0002\000\040\000M\000a\000i\000n\000\040\000S\000e\000c\000t\000i\000o\000n\000\040\0002}{chapter.23}% 19
\BOOKMARK [0][-]{chapter.28}{\376\377\0003\000\040\000C\000h\000a\000p\000t\000e\000r\000\040\000T\000i\000t\000l\000e\000\040\000H\000e\000r\000e}{}% 20
\BOOKMARK [1][-]{section.29}{\376\377\0003\000.\0001\000\040\000M\000a\000i\000n\000\040\000S\000e\000c\000t\000i\000o\000n\000\040\0001}{chapter.28}% 21
\BOOKMARK [2][-]{subsection.30}{\376\377\0003\000.\0001\000.\0001\000\040\000S\000u\000b\000s\000e\000c\000t\000i\000o\000n\000\040\0001}{section.29}% 22
\BOOKMARK [2][-]{subsection.31}{\376\377\0003\000.\0001\000.\0002\000\040\000S\000u\000b\000s\000e\000c\000t\000i\000o\000n\000\040\0002}{section.29}% 23
\BOOKMARK [1][-]{section.32}{\376\377\0003\000.\0002\000\040\000M\000a\000i\000n\000\040\000S\000e\000c\000t\000i\000o\000n\000\040\0002}{chapter.28}% 24
\BOOKMARK [0][-]{chapter.33}{\376\377\0004\000\040\000C\000h\000a\000p\000t\000e\000r\000\040\000T\000i\000t\000l\000e\000\040\000H\000e\000r\000e}{}% 25
\BOOKMARK [1][-]{section.34}{\376\377\0004\000.\0001\000\040\000M\000a\000i\000n\000\040\000S\000e\000c\000t\000i\000o\000n\000\040\0001}{chapter.33}% 26
\BOOKMARK [2][-]{subsection.35}{\376\377\0004\000.\0001\000.\0001\000\040\000S\000u\000b\000s\000e\000c\000t\000i\000o\000n\000\040\0001}{section.34}% 27
\BOOKMARK [2][-]{subsection.36}{\376\377\0004\000.\0001\000.\0002\000\040\000S\000u\000b\000s\000e\000c\000t\000i\000o\000n\000\040\0002}{section.34}% 28
\BOOKMARK [1][-]{section.37}{\376\377\0004\000.\0002\000\040\000M\000a\000i\000n\000\040\000S\000e\000c\000t\000i\000o\000n\000\040\0002}{chapter.33}% 29
\BOOKMARK [0][-]{chapter.38}{\376\377\0005\000\040\000C\000h\000a\000p\000t\000e\000r\000\040\000T\000i\000t\000l\000e\000\040\000H\000e\000r\000e}{}% 30
\BOOKMARK [1][-]{section.39}{\376\377\0005\000.\0001\000\040\000M\000a\000i\000n\000\040\000S\000e\000c\000t\000i\000o\000n\000\040\0001}{chapter.38}% 31
\BOOKMARK [2][-]{subsection.40}{\376\377\0005\000.\0001\000.\0001\000\040\000S\000u\000b\000s\000e\000c\000t\000i\000o\000n\000\040\0001}{section.39}% 32
\BOOKMARK [2][-]{subsection.41}{\376\377\0005\000.\0001\000.\0002\000\040\000S\000u\000b\000s\000e\000c\000t\000i\000o\000n\000\040\0002}{section.39}% 33
\BOOKMARK [1][-]{section.42}{\376\377\0005\000.\0002\000\040\000M\000a\000i\000n\000\040\000S\000e\000c\000t\000i\000o\000n\000\040\0002}{chapter.38}% 34
\BOOKMARK [0][-]{chapter.43}{\376\377\0006\000\040\000C\000h\000a\000p\000t\000e\000r\000\040\000T\000i\000t\000l\000e\000\040\000H\000e\000r\000e}{}% 35
\BOOKMARK [1][-]{section.44}{\376\377\0006\000.\0001\000\040\000M\000a\000i\000n\000\040\000S\000e\000c\000t\000i\000o\000n\000\040\0001}{chapter.43}% 36
\BOOKMARK [2][-]{subsection.45}{\376\377\0006\000.\0001\000.\0001\000\040\000S\000u\000b\000s\000e\000c\000t\000i\000o\000n\000\040\0001}{section.44}% 37
\BOOKMARK [2][-]{subsection.46}{\376\377\0006\000.\0001\000.\0002\000\040\000S\000u\000b\000s\000e\000c\000t\000i\000o\000n\000\040\0002}{section.44}% 38
\BOOKMARK [1][-]{section.47}{\376\377\0006\000.\0002\000\040\000M\000a\000i\000n\000\040\000S\000e\000c\000t\000i\000o\000n\000\040\0002}{chapter.43}% 39
\BOOKMARK [0][-]{chapter.48}{\376\377\0007\000\040\000C\000h\000a\000p\000t\000e\000r\000\040\000T\000i\000t\000l\000e\000\040\000H\000e\000r\000e}{}% 40
\BOOKMARK [1][-]{section.49}{\376\377\0007\000.\0001\000\040\000M\000a\000i\000n\000\040\000S\000e\000c\000t\000i\000o\000n\000\040\0001}{chapter.48}% 41
\BOOKMARK [2][-]{subsection.50}{\376\377\0007\000.\0001\000.\0001\000\040\000S\000u\000b\000s\000e\000c\000t\000i\000o\000n\000\040\0001}{section.49}% 42
\BOOKMARK [2][-]{subsection.51}{\376\377\0007\000.\0001\000.\0002\000\040\000S\000u\000b\000s\000e\000c\000t\000i\000o\000n\000\040\0002}{section.49}% 43
\BOOKMARK [1][-]{section.52}{\376\377\0007\000.\0002\000\040\000M\000a\000i\000n\000\040\000S\000e\000c\000t\000i\000o\000n\000\040\0002}{chapter.48}% 44
\BOOKMARK [0][-]{appendix.53}{\376\377\000A\000\040\000S\000u\000m\000\040\000o\000f\000\040\000G\000e\000o\000m\000e\000t\000r\000i\000c\000\040\000S\000e\000r\000i\000e\000s}{}% 45
\BOOKMARK [0][-]{appendix.54}{\376\377\000B\000\040\000S\000u\000m\000\040\000o\000f\000\040\000H\000y\000p\000e\000r\000\040\000S\000e\000r\000i\000e\000s}{}% 46
\BOOKMARK [0][-]{appendix.55}{\376\377\000C\000\040\000S\000u\000m\000\040\000o\000f\000\040\000S\000u\000p\000e\000r\000\040\000S\000e\000r\000i\000e\000s}{}% 47
\BOOKMARK [0][-]{dummy.56}{\376\377\000B\000i\000b\000l\000i\000o\000g\000r\000a\000p\000h\000y}{}% 48
